<?xml version="1.0" encoding="UTF-8"?>
<testng-results ignored="0" total="2" passed="2" failed="0" skipped="0">
  <reporter-output>
  </reporter-output>
  <suite started-at="2025-11-30T14:08:19 IST" name="Suite" finished-at="2025-11-30T14:08:32 IST" duration-ms="12868">
    <groups>
    </groups>
    <test started-at="2025-11-30T14:08:19 IST" name="Test" finished-at="2025-11-30T14:08:32 IST" duration-ms="12868">
      <class name="testclasses.FTestLogin">
        <test-method signature="checkLogin(java.util.HashMap)[pri:0, instance:testclasses.FTestLogin@ee86bcb]" started-at="2025-11-30T14:08:19 IST" name="checkLogin" data-provider="getData" finished-at="2025-11-30T14:08:26 IST" duration-ms="6782" status="PASS">
          <params>
            <param index="0">
              <value>
                <![CDATA[{password=Automation@1, email=sanket.samtech@gmail.com}]]>
              </value>
            </param>
          </params>
          <reporter-output>
          </reporter-output>
        </test-method> <!-- checkLogin -->
        <test-method signature="checkLogin(java.util.HashMap)[pri:0, instance:testclasses.FTestLogin@ee86bcb]" started-at="2025-11-30T14:08:26 IST" name="checkLogin" data-provider="getData" finished-at="2025-11-30T14:08:32 IST" duration-ms="5803" status="PASS">
          <params>
            <param index="0">
              <value>
                <![CDATA[{password=Automation@2, email=sanket44044@gmail.com}]]>
              </value>
            </param>
          </params>
          <reporter-output>
          </reporter-output>
        </test-method> <!-- checkLogin -->
      </class> <!-- testclasses.FTestLogin -->
    </test> <!-- Test -->
  </suite> <!-- Suite -->
</testng-results>
