<?xml version="1.0" encoding="UTF-8"?>
<testng-results ignored="0" total="2" passed="2" failed="0" skipped="0">
  <reporter-output>
  </reporter-output>
  <suite started-at="2024-06-07T14:38:24 IST" name="Suite" finished-at="2024-06-07T14:38:29 IST" duration-ms="4640">
    <groups>
    </groups>
    <test started-at="2024-06-07T14:38:24 IST" name="Test" finished-at="2024-06-07T14:38:29 IST" duration-ms="4640">
      <class name="qa.TestClass.LoginSendDataWithExcelTest">
        <test-method is-config="true" signature="openBrowser()[pri:0, instance:qa.TestClass.LoginSendDataWithExcelTest@7f3b84b8]" started-at="2024-06-07T14:38:24 IST" name="openBrowser" finished-at="2024-06-07T14:38:26 IST" duration-ms="1870" status="PASS">
          <reporter-output>
          </reporter-output>
        </test-method> <!-- openBrowser -->
        <test-method is-config="true" signature="createPomClass()[pri:0, instance:qa.TestClass.LoginSendDataWithExcelTest@7f3b84b8]" started-at="2024-06-07T14:38:26 IST" name="createPomClass" finished-at="2024-06-07T14:38:26 IST" duration-ms="16" status="PASS">
          <reporter-output>
          </reporter-output>
        </test-method> <!-- createPomClass -->
        <test-method is-config="true" signature="getUrl()[pri:0, instance:qa.TestClass.LoginSendDataWithExcelTest@7f3b84b8]" started-at="2024-06-07T14:38:27 IST" name="getUrl" finished-at="2024-06-07T14:38:28 IST" duration-ms="1024" status="PASS">
          <reporter-output>
          </reporter-output>
        </test-method> <!-- getUrl -->
        <test-method signature="login(java.lang.String,java.lang.String)[pri:0, instance:qa.TestClass.LoginSendDataWithExcelTest@7f3b84b8]" started-at="2024-06-07T14:38:28 IST" name="login" data-provider="validCredential" finished-at="2024-06-07T14:38:28 IST" duration-ms="211" status="PASS">
          <params>
            <param index="0">
              <value>
                <![CDATA[kaido@gmail.com]]>
              </value>
            </param>
            <param index="1">
              <value>
                <![CDATA[kaido@empror]]>
              </value>
            </param>
          </params>
          <reporter-output>
          </reporter-output>
        </test-method> <!-- login -->
        <test-method is-config="true" signature="getUrl()[pri:0, instance:qa.TestClass.LoginSendDataWithExcelTest@7f3b84b8]" started-at="2024-06-07T14:38:28 IST" name="getUrl" finished-at="2024-06-07T14:38:29 IST" duration-ms="781" status="PASS">
          <reporter-output>
          </reporter-output>
        </test-method> <!-- getUrl -->
        <test-method signature="login(java.lang.String,java.lang.String)[pri:0, instance:qa.TestClass.LoginSendDataWithExcelTest@7f3b84b8]" started-at="2024-06-07T14:38:29 IST" name="login" data-provider="validCredential" finished-at="2024-06-07T14:38:29 IST" duration-ms="173" status="PASS">
          <params>
            <param index="0">
              <value>
                <![CDATA[luffy@gmail.com]]>
              </value>
            </param>
            <param index="1">
              <value>
                <![CDATA[luffy@empror]]>
              </value>
            </param>
          </params>
          <reporter-output>
          </reporter-output>
        </test-method> <!-- login -->
      </class> <!-- qa.TestClass.LoginSendDataWithExcelTest -->
    </test> <!-- Test -->
  </suite> <!-- Suite -->
</testng-results>
